<?xml version="1.0" encoding="UTF-8"?>
<!-- Generated by org.testng.reporters.JUnitReportReporter -->
<testsuite hostname="Rudra-Heart" failures="0" tests="1" name="com.selenium.tests.MyCompanyTests" time="2.162" errors="0" timestamp="2023-07-31T10:37:47 IST" skipped="0">
  <testcase classname="com.selenium.tests.MyCompanyTests" name="checkBrokerInfo" time="2.162"/>
  <system-out/>
</testsuite> <!-- com.selenium.tests.MyCompanyTests -->
