<?xml version="1.0" encoding="UTF-8"?>
<!-- Generated by org.testng.reporters.JUnitReportReporter -->
<testsuite hostname="Rudra-Heart" failures="0" tests="1" name="com.appium.tests.CompanySettingsTests" time="42.223" errors="0" timestamp="2023-07-31T10:49:23 IST" skipped="0">
  <testcase classname="com.appium.tests.CompanySettingsTests" name="UpdateComapnyAbout" time="42.223"/>
  <system-out/>
</testsuite> <!-- com.appium.tests.CompanySettingsTests -->
