<?xml version="1.0" encoding="UTF-8"?>
<!-- Generated by org.testng.reporters.JUnitReportReporter -->
<testsuite hostname="Rudra-Heart" failures="0" tests="1" name="com.appium.tests.LogoutTests" time="1.398" errors="0" timestamp="2023-07-31T10:49:23 IST" skipped="0">
  <testcase classname="com.appium.tests.LogoutTests" name="logOutApplication" time="1.398"/>
  <system-out/>
</testsuite> <!-- com.appium.tests.LogoutTests -->
