<?xml version="1.0" encoding="UTF-8"?>
<!-- Generated by org.testng.reporters.JUnitReportReporter -->
<testsuite hostname="Rudra-Heart" failures="0" tests="1" name="com.selenium.tests.CompanySettingsTests" time="5.136" errors="0" timestamp="2023-07-31T10:37:47 IST" skipped="0">
  <testcase classname="com.selenium.tests.CompanySettingsTests" name="UpdateBrokerInfo" time="5.136"/>
  <system-out/>
</testsuite> <!-- com.selenium.tests.CompanySettingsTests -->
